
*** Running vivado
    with args -log flower_pollination.vds -m64 -product Vivado -mode batch -messageDb vivado.pb -notrace -source flower_pollination.tcl


ECHO is off.
ECHO is off.

****** Vivado v2023.1 (64-bit)
  **** SW Build 3865809 on Sun May  7 15:05:29 MDT 2023
  **** IP Build 3864474 on Sun May  7 20:36:21 MDT 2023
  **** SharedData Build 3865790 on Sun May 07 13:33:03 MDT 2023
    ** Copyright 1986-2022 Xilinx, Inc. All Rights Reserved.
    ** Copyright 2022-2023 Advanced Micro Devices, Inc. All Rights Reserved.

source flower_pollination.tcl -notrace
create_project: Time (s): cpu = 00:00:08 ; elapsed = 00:00:09 . Memory (MB): peak = 448.789 ; gain = 160.969
Command: synth_design -top flower_pollination -part xc7a35tcpg236-1
Starting synth_design
Attempting to get a license for feature 'Synthesis' and/or device 'xc7a35t'
INFO: [Common 17-349] Got license for feature 'Synthesis' and/or device 'xc7a35t'
INFO: [Synth 8-7079] Multithreading enabled for synth_design using a maximum of 2 processes.
INFO: [Synth 8-7078] Launching helper process for spawning children vivado processes
INFO: [Synth 8-7075] Helper process launched with PID 3240
---------------------------------------------------------------------------------
Starting Synthesize : Time (s): cpu = 00:00:09 ; elapsed = 00:00:09 . Memory (MB): peak = 886.883 ; gain = 414.254
---------------------------------------------------------------------------------
INFO: [Synth 8-638] synthesizing module 'flower_pollination' [C:/Users/admin/workbench/playground/vivado/final/final.srcs/sources_1/new/flower_pollination.vhd:28]
ERROR: [Synth 8-27] non-constant real-valued expression not supported [C:/Users/admin/workbench/playground/vivado/final/final.srcs/sources_1/new/flower_pollination.vhd:150]
ERROR: [Synth 8-27] non-constant real-valued expression not supported [C:/Users/admin/workbench/playground/vivado/final/final.srcs/sources_1/new/flower_pollination.vhd:150]
ERROR: [Synth 8-27] non-constant real-valued expression not supported [C:/Users/admin/workbench/playground/vivado/final/final.srcs/sources_1/new/flower_pollination.vhd:150]
ERROR: [Synth 8-27] non-constant real-valued expression not supported [C:/Users/admin/workbench/playground/vivado/final/final.srcs/sources_1/new/flower_pollination.vhd:150]
WARNING: [Synth 8-614] signal 'min' is read in the process but is not in the sensitivity list [C:/Users/admin/workbench/playground/vivado/final/final.srcs/sources_1/new/flower_pollination.vhd:144]
WARNING: [Synth 8-614] signal 'max' is read in the process but is not in the sensitivity list [C:/Users/admin/workbench/playground/vivado/final/final.srcs/sources_1/new/flower_pollination.vhd:144]
WARNING: [Synth 8-614] signal 'flower_count' is read in the process but is not in the sensitivity list [C:/Users/admin/workbench/playground/vivado/final/final.srcs/sources_1/new/flower_pollination.vhd:144]
ERROR: [Synth 8-285] failed synthesizing module 'flower_pollination' [C:/Users/admin/workbench/playground/vivado/final/final.srcs/sources_1/new/flower_pollination.vhd:28]
---------------------------------------------------------------------------------
Finished Synthesize : Time (s): cpu = 00:00:11 ; elapsed = 00:00:12 . Memory (MB): peak = 976.566 ; gain = 503.938
---------------------------------------------------------------------------------
synthesize failed
INFO: [Common 17-83] Releasing license: Synthesis
6 Infos, 3 Warnings, 0 Critical Warnings and 6 Errors encountered.
synth_design failed
ERROR: [Common 17-69] Command failed: Vivado Synthesis failed
INFO: [Common 17-206] Exiting Vivado at Mon Jul 31 19:25:48 2023...
