
*** Running vivado
    with args -log final2.vds -m64 -product Vivado -mode batch -messageDb vivado.pb -notrace -source final2.tcl


ECHO is off.
ECHO is off.

****** Vivado v2023.1 (64-bit)
  **** SW Build 3865809 on Sun May  7 15:05:29 MDT 2023
  **** IP Build 3864474 on Sun May  7 20:36:21 MDT 2023
  **** SharedData Build 3865790 on Sun May 07 13:33:03 MDT 2023
    ** Copyright 1986-2022 Xilinx, Inc. All Rights Reserved.
    ** Copyright 2022-2023 Advanced Micro Devices, Inc. All Rights Reserved.

source final2.tcl -notrace
create_project: Time (s): cpu = 00:00:07 ; elapsed = 00:00:07 . Memory (MB): peak = 448.727 ; gain = 162.234
Command: synth_design -top final2 -part xc7a35tcpg236-1
Starting synth_design
Attempting to get a license for feature 'Synthesis' and/or device 'xc7a35t'
INFO: [Common 17-349] Got license for feature 'Synthesis' and/or device 'xc7a35t'
INFO: [Synth 8-7079] Multithreading enabled for synth_design using a maximum of 2 processes.
INFO: [Synth 8-7078] Launching helper process for spawning children vivado processes
INFO: [Synth 8-7075] Helper process launched with PID 8872
---------------------------------------------------------------------------------
Starting Synthesize : Time (s): cpu = 00:00:06 ; elapsed = 00:00:07 . Memory (MB): peak = 886.824 ; gain = 414.207
---------------------------------------------------------------------------------
INFO: [Synth 8-638] synthesizing module 'final2' [C:/Users/Lenovo/OneDrive/Desktop/FSU/2023Summer/EEL4710/final2/final2/final2.srcs/sources_1/new/final2.vhd:28]
ERROR: [Synth 8-27] non-constant real-valued expression not supported [C:/Users/Lenovo/OneDrive/Desktop/FSU/2023Summer/EEL4710/final2/final2/final2.srcs/sources_1/new/final2.vhd:89]
ERROR: [Synth 8-27] non-constant real-valued expression not supported [C:/Users/Lenovo/OneDrive/Desktop/FSU/2023Summer/EEL4710/final2/final2/final2.srcs/sources_1/new/final2.vhd:89]
ERROR: [Synth 8-285] failed synthesizing module 'final2' [C:/Users/Lenovo/OneDrive/Desktop/FSU/2023Summer/EEL4710/final2/final2/final2.srcs/sources_1/new/final2.vhd:28]
---------------------------------------------------------------------------------
Finished Synthesize : Time (s): cpu = 00:00:08 ; elapsed = 00:00:08 . Memory (MB): peak = 977.617 ; gain = 505.000
---------------------------------------------------------------------------------
synthesize failed
INFO: [Common 17-83] Releasing license: Synthesis
6 Infos, 0 Warnings, 0 Critical Warnings and 4 Errors encountered.
synth_design failed
ERROR: [Common 17-69] Command failed: Vivado Synthesis failed
INFO: [Common 17-206] Exiting Vivado at Wed Aug  2 02:12:23 2023...
